0 silly argv {
0 silly argv   _: [ 'run' ],
0 silly argv   parallel: true,
0 silly argv   lernaVersion: '8.1.6',
0 silly argv   '$0': 'node_modules/lerna/dist/cli.js',
0 silly argv   script: 'dev'
0 silly argv }
1 notice cli v8.1.6
2 verbose packageConfigs Explicit "packages" configuration found in lerna.json. Resolving packages using the configured glob(s): ["/**"]
3 verbose rootPath /Users/sullemanhossam/Desktop/battleship
4 error Failed to process project graph. Run "nx reset" to fix this. Please report the issue if you keep seeing it.
4 error   MultipleProjectsWithSameNameError: The following projects are defined in multiple locations:
4 error   - storybook-static:
4 error     - components/remoteLibrary/storybook-static
4 error     - storybook/components/storybook-static
4 error     - storybook/modules/storybook-static
4 error     - storybook/pages/storybook-static
4 error
4 error   To fix this, set a unique name for each project in a project.json inside the project's root. If the project does not currently have a project.json, you can create one that contains only a name.
4 error       at validateAndNormalizeProjectRootMap (/Users/sullemanhossam/Desktop/battleship/node_modules/nx/src/project-graph/utils/project-configuration-utils.js:459:15)
4 error       at mergeCreateNodesResults (/Users/sullemanhossam/Desktop/battleship/node_modules/nx/src/project-graph/utils/project-configuration-utils.js:327:9)
4 error       at /Users/sullemanhossam/Desktop/battleship/node_modules/nx/src/project-graph/utils/project-configuration-utils.js:268:85
4 error       at async buildProjectGraphAndSourceMapsWithoutDaemon (/Users/sullemanhossam/Desktop/battleship/node_modules/nx/src/project-graph/project-graph.js:77:31)
4 error       at async createProjectGraphAndSourceMapsAsync (/Users/sullemanhossam/Desktop/battleship/node_modules/nx/src/project-graph/project-graph.js:208:25)
4 error       at async createProjectGraphAsync (/Users/sullemanhossam/Desktop/battleship/node_modules/nx/src/project-graph/project-graph.js:197:39)
4 error       at async detectProjects (/Users/sullemanhossam/Desktop/battleship/node_modules/lerna/dist/index.js:2999:25)
